OpenBLAS WARNING - could not determine the L2 cache size on this system, assuming 256k
OpenBLAS WARNING - could not determine the L2 cache size on this system, assuming 256k
Traceback (most recent call last):
  File "/workspace/run_strategy.py", line 292, in <module>
    pf = vbt.Portfolio.from_orders(
         ^^^^^^^^^^^^^^^^^^^^^^^^^^
  File "/usr/local/lib/python3.12/site-packages/vectorbt/portfolio/base.py", line 2012, in from_orders
    order_records, log_records = dispatch.simulate_from_orders(
                                 ^^^^^^^^^^^^^^^^^^^^^^^^^^^^^^
  File "/usr/local/lib/python3.12/site-packages/vectorbt/portfolio/dispatch.py", line 703, in simulate_from_orders
    return simulate_from_orders_nb(
           ^^^^^^^^^^^^^^^^^^^^^^^^
  File "/usr/local/lib/python3.12/site-packages/vectorbt/portfolio/nb.py", line 403, in execute_order_nb
    raise ValueError("position is positive but order.direction is Direction.ShortOnly")
ValueError: position is positive but order.direction is Direction.ShortOnly
📦 vectorbt версия: 1.0.0
📂 Загружаем данные из кэша...

✅ Данные: 14848 баров | 2024-06-03 09:55:00 → 2024-12-19 13:15:00
📊 Цена: 21.22 - 30.79

⚙️ Расчёт индикаторов и тренда старшего ТФ...
🔄 Запуск сеточной оптимизации...


❌ Ошибка в конфиге #1 {'confluence_thresh': 2, 'vol_ratio_thresh': 1.0, 'sl_atr_mult': 1.0, 'tp_atr_mult': 2.0, 'avg_atr_mult': 1.0, 'avg_size': 0.5}:

⚠️ Не найдено конфигураций. (Всего ошибок: 1)
